{"C:\\Users\\patri\\projetos\\NLW\\server\\src\\use-cases\\submit-feedback.ts": {"path":"C:\\Users\\patri\\projetos\\NLW\\server\\src\\use-cases\\submit-feedback.ts","all":false,"statementMap":{"0":{"start":{"line":1,"column":0},"end":{"line":1,"column":45}},"1":{"start":{"line":2,"column":0},"end":{"line":2,"column":75}},"2":{"start":{"line":3,"column":0},"end":{"line":3,"column":0}},"3":{"start":{"line":4,"column":0},"end":{"line":4,"column":40}},"4":{"start":{"line":5,"column":0},"end":{"line":5,"column":15}},"5":{"start":{"line":6,"column":0},"end":{"line":6,"column":18}},"6":{"start":{"line":7,"column":0},"end":{"line":7,"column":22}},"7":{"start":{"line":8,"column":0},"end":{"line":8,"column":1}},"8":{"start":{"line":9,"column":0},"end":{"line":9,"column":0}},"9":{"start":{"line":10,"column":0},"end":{"line":10,"column":36}},"10":{"start":{"line":11,"column":0},"end":{"line":11,"column":14}},"11":{"start":{"line":12,"column":0},"end":{"line":12,"column":53}},"12":{"start":{"line":13,"column":0},"end":{"line":13,"column":35}},"13":{"start":{"line":14,"column":0},"end":{"line":14,"column":6}},"14":{"start":{"line":15,"column":0},"end":{"line":15,"column":2}},"15":{"start":{"line":16,"column":0},"end":{"line":16,"column":56}},"16":{"start":{"line":17,"column":0},"end":{"line":17,"column":50}},"17":{"start":{"line":18,"column":0},"end":{"line":18,"column":0}},"18":{"start":{"line":19,"column":0},"end":{"line":19,"column":15}},"19":{"start":{"line":20,"column":0},"end":{"line":20,"column":57}},"20":{"start":{"line":21,"column":0},"end":{"line":21,"column":5}},"21":{"start":{"line":22,"column":0},"end":{"line":22,"column":18}},"22":{"start":{"line":23,"column":0},"end":{"line":23,"column":63}},"23":{"start":{"line":24,"column":0},"end":{"line":24,"column":5}},"24":{"start":{"line":25,"column":0},"end":{"line":25,"column":0}},"25":{"start":{"line":26,"column":0},"end":{"line":26,"column":72}},"26":{"start":{"line":27,"column":0},"end":{"line":27,"column":62}},"27":{"start":{"line":28,"column":0},"end":{"line":28,"column":5}},"28":{"start":{"line":29,"column":0},"end":{"line":29,"column":0}},"29":{"start":{"line":30,"column":0},"end":{"line":30,"column":43}},"30":{"start":{"line":31,"column":0},"end":{"line":31,"column":11}},"31":{"start":{"line":32,"column":0},"end":{"line":32,"column":14}},"32":{"start":{"line":33,"column":0},"end":{"line":33,"column":17}},"33":{"start":{"line":34,"column":0},"end":{"line":34,"column":7}},"34":{"start":{"line":35,"column":0},"end":{"line":35,"column":0}},"35":{"start":{"line":36,"column":0},"end":{"line":36,"column":36}},"36":{"start":{"line":37,"column":0},"end":{"line":37,"column":31}},"37":{"start":{"line":38,"column":0},"end":{"line":38,"column":13}},"38":{"start":{"line":39,"column":0},"end":{"line":39,"column":42}},"39":{"start":{"line":40,"column":0},"end":{"line":40,"column":77}},"40":{"start":{"line":41,"column":0},"end":{"line":41,"column":39}},"41":{"start":{"line":42,"column":0},"end":{"line":42,"column":36}},"42":{"start":{"line":43,"column":0},"end":{"line":43,"column":65}},"43":{"start":{"line":44,"column":0},"end":{"line":44,"column":16}},"44":{"start":{"line":45,"column":0},"end":{"line":45,"column":19}},"45":{"start":{"line":46,"column":0},"end":{"line":46,"column":6}},"46":{"start":{"line":47,"column":0},"end":{"line":47,"column":3}},"47":{"start":{"line":48,"column":0},"end":{"line":48,"column":1}}},"s":{"0":1,"1":1,"2":1,"3":1,"4":1,"5":1,"6":1,"7":1,"8":1,"9":1,"10":1,"11":1,"12":1,"13":1,"14":1,"15":1,"16":5,"17":5,"18":5,"19":1,"20":1,"21":5,"22":1,"23":1,"24":3,"25":5,"26":1,"27":1,"28":2,"29":2,"30":2,"31":2,"32":2,"33":2,"34":2,"35":2,"36":2,"37":2,"38":2,"39":2,"40":2,"41":2,"42":5,"43":5,"44":5,"45":5,"46":2,"47":1},"branchMap":{"0":{"type":"branch","line":11,"loc":{"start":{"line":11,"column":2},"end":{"line":14,"column":6}},"locations":[{"start":{"line":11,"column":2},"end":{"line":14,"column":6}}]},"1":{"type":"branch","line":16,"loc":{"start":{"line":16,"column":2},"end":{"line":47,"column":3}},"locations":[{"start":{"line":16,"column":2},"end":{"line":47,"column":3}}]},"2":{"type":"branch","line":19,"loc":{"start":{"line":19,"column":14},"end":{"line":21,"column":5}},"locations":[{"start":{"line":19,"column":14},"end":{"line":21,"column":5}}]},"3":{"type":"branch","line":22,"loc":{"start":{"line":22,"column":-1},"end":{"line":22,"column":17}},"locations":[{"start":{"line":22,"column":-1},"end":{"line":22,"column":17}}]},"4":{"type":"branch","line":22,"loc":{"start":{"line":22,"column":17},"end":{"line":24,"column":5}},"locations":[{"start":{"line":22,"column":17},"end":{"line":24,"column":5}}]},"5":{"type":"branch","line":25,"loc":{"start":{"line":25,"column":-1},"end":{"line":26,"column":21}},"locations":[{"start":{"line":25,"column":-1},"end":{"line":26,"column":21}}]},"6":{"type":"branch","line":26,"loc":{"start":{"line":26,"column":17},"end":{"line":26,"column":69}},"locations":[{"start":{"line":26,"column":17},"end":{"line":26,"column":69}}]},"7":{"type":"branch","line":26,"loc":{"start":{"line":26,"column":71},"end":{"line":28,"column":5}},"locations":[{"start":{"line":26,"column":71},"end":{"line":28,"column":5}}]},"8":{"type":"branch","line":29,"loc":{"start":{"line":29,"column":-1},"end":{"line":43,"column":40}},"locations":[{"start":{"line":29,"column":-1},"end":{"line":43,"column":40}}]},"9":{"type":"branch","line":43,"loc":{"start":{"line":43,"column":37},"end":{"line":43,"column":49}},"locations":[{"start":{"line":43,"column":37},"end":{"line":43,"column":49}}]},"10":{"type":"branch","line":43,"loc":{"start":{"line":43,"column":49},"end":{"line":43,"column":62}},"locations":[{"start":{"line":43,"column":49},"end":{"line":43,"column":62}}]},"11":{"type":"branch","line":47,"loc":{"start":{"line":47,"column":-1},"end":{"line":47,"column":3}},"locations":[{"start":{"line":47,"column":-1},"end":{"line":47,"column":3}}]}},"b":{"0":[1],"1":[5],"2":[1],"3":[4],"4":[1],"5":[3],"6":[2],"7":[1],"8":[2],"9":[1],"10":[1],"11":[2]},"fnMap":{"0":{"name":"SubmitFeedbackUseCase","decl":{"start":{"line":11,"column":2},"end":{"line":14,"column":6}},"loc":{"start":{"line":11,"column":2},"end":{"line":14,"column":6}},"line":11},"1":{"name":"execute","decl":{"start":{"line":16,"column":2},"end":{"line":47,"column":3}},"loc":{"start":{"line":16,"column":2},"end":{"line":47,"column":3}},"line":16}},"f":{"0":1,"1":5}}
}
