TN:
SF:src\use-cases\submit-feedback.ts
FN:11,SubmitFeedbackUseCase
FN:16,execute
FNF:2
FNH:2
FNDA:1,SubmitFeedbackUseCase
FNDA:5,execute
DA:1,1
DA:2,1
DA:3,1
DA:4,1
DA:5,1
DA:6,1
DA:7,1
DA:8,1
DA:9,1
DA:10,1
DA:11,1
DA:12,1
DA:13,1
DA:14,1
DA:15,1
DA:16,1
DA:17,5
DA:18,5
DA:19,5
DA:20,1
DA:21,1
DA:22,5
DA:23,1
DA:24,1
DA:25,3
DA:26,5
DA:27,1
DA:28,1
DA:29,2
DA:30,2
DA:31,2
DA:32,2
DA:33,2
DA:34,2
DA:35,2
DA:36,2
DA:37,2
DA:38,2
DA:39,2
DA:40,2
DA:41,2
DA:42,2
DA:43,5
DA:44,5
DA:45,5
DA:46,5
DA:47,2
DA:48,1
LF:48
LH:48
BRDA:11,0,0,1
BRDA:16,1,0,5
BRDA:19,2,0,1
BRDA:22,3,0,4
BRDA:22,4,0,1
BRDA:25,5,0,3
BRDA:26,6,0,2
BRDA:26,7,0,1
BRDA:29,8,0,2
BRDA:43,9,0,1
BRDA:43,10,0,1
BRDA:47,11,0,2
BRF:12
BRH:12
end_of_record
